\BOOKMARK [1][-]{section*.1}{kmod-Linux内核模块工具}{}
\BOOKMARK [2][-]{section*.2}{1. 项目背景分析}{section*.1}
\BOOKMARK [3][-]{section*.3}{项目建立时间}{section*.2}
\BOOKMARK [3][-]{section*.4}{项目创建者和维护者}{section*.2}
\BOOKMARK [3][-]{section*.5}{项目更新记录}{section*.2}
\BOOKMARK [3][-]{section*.6}{项目版本情况}{section*.2}
\BOOKMARK [3][-]{section*.7}{项目资源汇总}{section*.2}
\BOOKMARK [2][-]{section*.8}{2. 项目技术分析}{section*.1}
\BOOKMARK [3][-]{section*.9}{开发环境准备}{section*.8}
\BOOKMARK [3][-]{section*.10}{编译和安装}{section*.8}
\BOOKMARK [3][-]{section*.11}{错误及解决}{section*.8}
\BOOKMARK [3][-]{section*.12}{编译过程}{section*.8}
\BOOKMARK [3][-]{section*.13}{生成文件}{section*.8}
\BOOKMARK [3][-]{section*.14}{安装过程}{section*.8}
\BOOKMARK [3][-]{section*.15}{安装文件}{section*.8}
\BOOKMARK [3][-]{section*.16}{功能简介}{section*.8}
\BOOKMARK [2][-]{section*.17}{3. 项目代码分析}{section*.1}
\BOOKMARK [3][-]{section*.18}{源码目录结构}{section*.17}
\BOOKMARK [3][-]{section*.19}{头文件分析}{section*.17}
\BOOKMARK [3][-]{section*.20}{数据结构设计}{section*.17}
\BOOKMARK [3][-]{section*.21}{重要接口实现}{section*.17}
